###############################################################
#  Generated by:      Cadence Encounter 13.13-s017_1
#  OS:                Linux x86_64(Host ID microelnsys)
#  Generated on:      Mon Jul 17 18:32:24 2017
#  Design:            dlx
#  Command:           verifyConnectivity -type all -error 1000 -warning 50
###############################################################
Verify Connectivity Report is created on Mon Jul 17 18:32:24 2017



Net gnd: special open at (1.685, 218.175) (224.225, 218.345)
Net gnd: special open at (1.685, 1.565) (224.225, 220.755)
Net gnd: dangling Wire at (223.425, 218.175) (223.425, 218.175) on layer: M6
Net gnd: dangling Wire at (204.180, 218.175) (204.180, 218.175) on layer: M6
Net gnd: dangling Wire at (154.180, 218.175) (154.180, 218.175) on layer: M6
Net gnd: dangling Wire at (104.180, 218.175) (104.180, 218.175) on layer: M6
Net gnd: dangling Wire at (54.180, 218.175) (54.180, 218.175) on layer: M6
Net gnd: dangling Wire at (1.685, 218.175) (1.685, 218.175) on layer: M6

Begin Summary
    2 Problem(s) (ENCVFC-200): Special Wires: Pieces of the net are not connected together.
    6 Problem(s) (ENCVFC-94): The net has dangling wire(s).
    8 total info(s) created.
End Summary
